CRITICAL - 2023-02-04 13:58:33 --> Undefined variable $dado
in APPPATH\Views\results\definition.php on line 46.
 1 APPPATH\Views\results\definition.php(46): CodeIgniter\Debug\Exceptions->errorHandler(2, 'Undefined variable $dado', 'APPPATH\\Views\\results\\definition.php', 46)
 2 SYSTEMPATH\View\View.php(213): include('APPPATH\\Views\\results\\definition.php')
 3 SYSTEMPATH\View\View.php(216): CodeIgniter\View\View->CodeIgniter\View\{closure}()
 4 SYSTEMPATH\Common.php(1177): CodeIgniter\View\View->render('results/definition', [], true)
 5 APPPATH\Controllers\Result.php(55): view('results/definition', [...])
 6 SYSTEMPATH\CodeIgniter.php(934): App\Controllers\Result->definition('6')
 7 SYSTEMPATH\CodeIgniter.php(499): CodeIgniter\CodeIgniter->runController(Object(App\Controllers\Result))
 8 SYSTEMPATH\CodeIgniter.php(368): CodeIgniter\CodeIgniter->handleRequest(null, Object(Config\Cache), false)
 9 FCPATH\index.php(67): CodeIgniter\CodeIgniter->run()
10 SYSTEMPATH\Commands\Server\rewrite.php(47): require_once('FCPATH\\index.php')
CRITICAL - 2023-02-04 15:25:46 --> Invalid file: "admin/search.php"
in SYSTEMPATH\Exceptions\FrameworkException.php on line 33.
 1 SYSTEMPATH\View\View.php(201): CodeIgniter\Exceptions\FrameworkException::forInvalidFile('admin/search.php')
 2 SYSTEMPATH\Common.php(1177): CodeIgniter\View\View->render('admin/search', [], true)
 3 APPPATH\Controllers\Home.php(10): view('admin/search')
 4 SYSTEMPATH\CodeIgniter.php(934): App\Controllers\Home->index()
 5 SYSTEMPATH\CodeIgniter.php(499): CodeIgniter\CodeIgniter->runController(Object(App\Controllers\Home))
 6 SYSTEMPATH\CodeIgniter.php(368): CodeIgniter\CodeIgniter->handleRequest(null, Object(Config\Cache), false)
 7 FCPATH\index.php(67): CodeIgniter\CodeIgniter->run()
 8 SYSTEMPATH\Commands\Server\rewrite.php(47): require_once('FCPATH\\index.php')
