CRITICAL - 2023-02-12 16:58:08 --> Invalid file: "session/loginForm.php"
in SYSTEMPATH\Exceptions\FrameworkException.php on line 33.
 1 SYSTEMPATH\View\View.php(201): CodeIgniter\Exceptions\FrameworkException::forInvalidFile('session/loginForm.php')
 2 SYSTEMPATH\Common.php(1177): CodeIgniter\View\View->render('session/loginForm', [], true)
 3 APPPATH\Controllers\Session.php(11): view('session/loginForm')
 4 SYSTEMPATH\CodeIgniter.php(934): App\Controllers\Session->loginForm()
 5 SYSTEMPATH\CodeIgniter.php(499): CodeIgniter\CodeIgniter->runController(Object(App\Controllers\Session))
 6 SYSTEMPATH\CodeIgniter.php(368): CodeIgniter\CodeIgniter->handleRequest(null, Object(Config\Cache), false)
 7 FCPATH\index.php(67): CodeIgniter\CodeIgniter->run()
 8 SYSTEMPATH\Commands\Server\rewrite.php(47): require_once('FCPATH\\index.php')
INFO - 2023-02-12 16:59:39 --> Session: Class initialized using 'CodeIgniter\Session\Handlers\FileHandler' driver.
CRITICAL - 2023-02-12 17:01:05 --> Undefined variable $dados
in APPPATH\Controllers\Session.php on line 39.
 1 APPPATH\Controllers\Session.php(39): CodeIgniter\Debug\Exceptions->errorHandler(2, 'Undefined variable $dados', 'APPPATH\\Controllers\\Session.php', 39)
 2 SYSTEMPATH\CodeIgniter.php(934): App\Controllers\Session->login()
 3 SYSTEMPATH\CodeIgniter.php(499): CodeIgniter\CodeIgniter->runController(Object(App\Controllers\Session))
 4 SYSTEMPATH\CodeIgniter.php(368): CodeIgniter\CodeIgniter->handleRequest(null, Object(Config\Cache), false)
 5 FCPATH\index.php(67): CodeIgniter\CodeIgniter->run()
 6 SYSTEMPATH\Commands\Server\rewrite.php(47): require_once('FCPATH\\index.php')
INFO - 2023-02-12 17:04:45 --> Session: Class initialized using 'CodeIgniter\Session\Handlers\FileHandler' driver.
INFO - 2023-02-12 17:05:10 --> Session: Class initialized using 'CodeIgniter\Session\Handlers\FileHandler' driver.
INFO - 2023-02-12 17:06:34 --> Session: Class initialized using 'CodeIgniter\Session\Handlers\FileHandler' driver.
INFO - 2023-02-12 17:07:17 --> Session: Class initialized using 'CodeIgniter\Session\Handlers\FileHandler' driver.
INFO - 2023-02-12 17:08:26 --> Session: Class initialized using 'CodeIgniter\Session\Handlers\FileHandler' driver.
INFO - 2023-02-12 17:12:28 --> Session: Class initialized using 'CodeIgniter\Session\Handlers\FileHandler' driver.
INFO - 2023-02-12 17:39:03 --> Session: Class initialized using 'CodeIgniter\Session\Handlers\FileHandler' driver.
INFO - 2023-02-12 17:44:24 --> Session: Class initialized using 'CodeIgniter\Session\Handlers\FileHandler' driver.
INFO - 2023-02-12 17:48:37 --> Session: Class initialized using 'CodeIgniter\Session\Handlers\FileHandler' driver.
INFO - 2023-02-12 17:48:49 --> Session: Class initialized using 'CodeIgniter\Session\Handlers\FileHandler' driver.
INFO - 2023-02-12 17:48:49 --> Session: Class initialized using 'CodeIgniter\Session\Handlers\FileHandler' driver.
INFO - 2023-02-12 17:49:19 --> Session: Class initialized using 'CodeIgniter\Session\Handlers\FileHandler' driver.
INFO - 2023-02-12 17:49:19 --> Session: Class initialized using 'CodeIgniter\Session\Handlers\FileHandler' driver.
INFO - 2023-02-12 17:50:25 --> Session: Class initialized using 'CodeIgniter\Session\Handlers\FileHandler' driver.
INFO - 2023-02-12 17:50:25 --> Session: Class initialized using 'CodeIgniter\Session\Handlers\FileHandler' driver.
CRITICAL - 2023-02-12 17:56:57 --> Invalid file: "session/loginForm.php"
in SYSTEMPATH\Exceptions\FrameworkException.php on line 33.
 1 SYSTEMPATH\View\View.php(201): CodeIgniter\Exceptions\FrameworkException::forInvalidFile('session/loginForm.php')
 2 SYSTEMPATH\Common.php(1177): CodeIgniter\View\View->render('session/loginForm', [], true)
 3 APPPATH\Controllers\Session.php(28): view('session/loginForm')
 4 SYSTEMPATH\CodeIgniter.php(934): App\Controllers\Session->login()
 5 SYSTEMPATH\CodeIgniter.php(499): CodeIgniter\CodeIgniter->runController(Object(App\Controllers\Session))
 6 SYSTEMPATH\CodeIgniter.php(368): CodeIgniter\CodeIgniter->handleRequest(null, Object(Config\Cache), false)
 7 FCPATH\index.php(67): CodeIgniter\CodeIgniter->run()
 8 SYSTEMPATH\Commands\Server\rewrite.php(47): require_once('FCPATH\\index.php')
CRITICAL - 2023-02-12 17:57:19 --> Invalid file: "/session/loginForm.php"
in SYSTEMPATH\Exceptions\FrameworkException.php on line 33.
 1 SYSTEMPATH\View\View.php(201): CodeIgniter\Exceptions\FrameworkException::forInvalidFile('/session/loginForm.php')
 2 SYSTEMPATH\Common.php(1177): CodeIgniter\View\View->render('/session/loginForm', [], true)
 3 APPPATH\Controllers\Session.php(28): view('/session/loginForm')
 4 SYSTEMPATH\CodeIgniter.php(934): App\Controllers\Session->login()
 5 SYSTEMPATH\CodeIgniter.php(499): CodeIgniter\CodeIgniter->runController(Object(App\Controllers\Session))
 6 SYSTEMPATH\CodeIgniter.php(368): CodeIgniter\CodeIgniter->handleRequest(null, Object(Config\Cache), false)
 7 FCPATH\index.php(67): CodeIgniter\CodeIgniter->run()
 8 SYSTEMPATH\Commands\Server\rewrite.php(47): require_once('FCPATH\\index.php')
CRITICAL - 2023-02-12 18:01:47 --> Call to a member function listErrors() on string
in APPPATH\Views\admin\loginForm.php on line 10.
 1 SYSTEMPATH\View\View.php(213): include()
 2 SYSTEMPATH\View\View.php(216): CodeIgniter\View\View->CodeIgniter\View\{closure}()
 3 SYSTEMPATH\Common.php(1177): CodeIgniter\View\View->render('/admin/loginForm', [], true)
 4 APPPATH\Controllers\Session.php(31): view('/admin/loginForm', [...])
 5 SYSTEMPATH\CodeIgniter.php(934): App\Controllers\Session->login()
 6 SYSTEMPATH\CodeIgniter.php(499): CodeIgniter\CodeIgniter->runController(Object(App\Controllers\Session))
 7 SYSTEMPATH\CodeIgniter.php(368): CodeIgniter\CodeIgniter->handleRequest(null, Object(Config\Cache), false)
 8 FCPATH\index.php(67): CodeIgniter\CodeIgniter->run()
 9 SYSTEMPATH\Commands\Server\rewrite.php(47): require_once('FCPATH\\index.php')
CRITICAL - 2023-02-12 18:04:32 --> Undefined variable $erro
in APPPATH\Views\admin\loginForm.php on line 8.
 1 APPPATH\Views\admin\loginForm.php(8): CodeIgniter\Debug\Exceptions->errorHandler(2, 'Undefined variable $erro', 'APPPATH\\Views\\admin\\loginForm.php', 8)
 2 SYSTEMPATH\View\View.php(213): include('APPPATH\\Views\\admin\\loginForm.php')
 3 SYSTEMPATH\View\View.php(216): CodeIgniter\View\View->CodeIgniter\View\{closure}()
 4 SYSTEMPATH\Common.php(1177): CodeIgniter\View\View->render('admin/loginForm', [], true)
 5 APPPATH\Controllers\Session.php(11): view('admin/loginForm')
 6 SYSTEMPATH\CodeIgniter.php(934): App\Controllers\Session->loginForm()
 7 SYSTEMPATH\CodeIgniter.php(499): CodeIgniter\CodeIgniter->runController(Object(App\Controllers\Session))
 8 SYSTEMPATH\CodeIgniter.php(368): CodeIgniter\CodeIgniter->handleRequest(null, Object(Config\Cache), false)
 9 FCPATH\index.php(67): CodeIgniter\CodeIgniter->run()
10 SYSTEMPATH\Commands\Server\rewrite.php(47): require_once('FCPATH\\index.php')
CRITICAL - 2023-02-12 18:04:49 --> Undefined variable $erro
in APPPATH\Views\admin\loginForm.php on line 8.
 1 APPPATH\Views\admin\loginForm.php(8): CodeIgniter\Debug\Exceptions->errorHandler(2, 'Undefined variable $erro', 'APPPATH\\Views\\admin\\loginForm.php', 8)
 2 SYSTEMPATH\View\View.php(213): include('APPPATH\\Views\\admin\\loginForm.php')
 3 SYSTEMPATH\View\View.php(216): CodeIgniter\View\View->CodeIgniter\View\{closure}()
 4 SYSTEMPATH\Common.php(1177): CodeIgniter\View\View->render('admin/loginForm', [], true)
 5 APPPATH\Controllers\Session.php(11): view('admin/loginForm')
 6 SYSTEMPATH\CodeIgniter.php(934): App\Controllers\Session->loginForm()
 7 SYSTEMPATH\CodeIgniter.php(499): CodeIgniter\CodeIgniter->runController(Object(App\Controllers\Session))
 8 SYSTEMPATH\CodeIgniter.php(368): CodeIgniter\CodeIgniter->handleRequest(null, Object(Config\Cache), false)
 9 FCPATH\index.php(67): CodeIgniter\CodeIgniter->run()
10 SYSTEMPATH\Commands\Server\rewrite.php(47): require_once('FCPATH\\index.php')
CRITICAL - 2023-02-12 18:07:40 --> Invalid file: "/.php"
in SYSTEMPATH\Exceptions\FrameworkException.php on line 33.
 1 SYSTEMPATH\View\View.php(201): CodeIgniter\Exceptions\FrameworkException::forInvalidFile('/.php')
 2 SYSTEMPATH\Common.php(1177): CodeIgniter\View\View->render('C:\\', [], true)
 3 APPPATH\Controllers\Session.php(25): view('C:\\')
 4 SYSTEMPATH\CodeIgniter.php(934): App\Controllers\Session->login()
 5 SYSTEMPATH\CodeIgniter.php(499): CodeIgniter\CodeIgniter->runController(Object(App\Controllers\Session))
 6 SYSTEMPATH\CodeIgniter.php(368): CodeIgniter\CodeIgniter->handleRequest(null, Object(Config\Cache), false)
 7 FCPATH\index.php(67): CodeIgniter\CodeIgniter->run()
 8 SYSTEMPATH\Commands\Server\rewrite.php(47): require_once('FCPATH\\index.php')
CRITICAL - 2023-02-12 18:31:23 --> Undefined global variable $_SESSION
in APPPATH\Controllers\Session.php on line 10.
 1 APPPATH\Controllers\Session.php(10): CodeIgniter\Debug\Exceptions->errorHandler(2, 'Undefined global variable $_SESSION', 'APPPATH\\Controllers\\Session.php', 10)
 2 SYSTEMPATH\CodeIgniter.php(934): App\Controllers\Session->index()
 3 SYSTEMPATH\CodeIgniter.php(499): CodeIgniter\CodeIgniter->runController(Object(App\Controllers\Session))
 4 SYSTEMPATH\CodeIgniter.php(368): CodeIgniter\CodeIgniter->handleRequest(null, Object(Config\Cache), false)
 5 FCPATH\index.php(67): CodeIgniter\CodeIgniter->run()
 6 SYSTEMPATH\Commands\Server\rewrite.php(47): require_once('FCPATH\\index.php')
INFO - 2023-02-12 18:32:33 --> Session: Class initialized using 'CodeIgniter\Session\Handlers\FileHandler' driver.
ERROR - 2023-02-12 23:19:12 --> mysqli_sql_exception: You have an error in your SQL syntax; check the manual that corresponds to your MySQL server version for the right syntax to use near '@f
                   AND senha = fdsres' at line 3 in C:\Users\Lyhllo\Desktop\GLOSSARIO\Glossario\CodeIgniter Code\system\Database\MySQLi\Connection.php:295
Stack trace:
#0 C:\Users\Lyhllo\Desktop\GLOSSARIO\Glossario\CodeIgniter Code\system\Database\MySQLi\Connection.php(295): mysqli->query('SELECT *\r\n     ...', 0)
#1 C:\Users\Lyhllo\Desktop\GLOSSARIO\Glossario\CodeIgniter Code\system\Database\BaseConnection.php(691): CodeIgniter\Database\MySQLi\Connection->execute('SELECT *\r\n     ...')
#2 C:\Users\Lyhllo\Desktop\GLOSSARIO\Glossario\CodeIgniter Code\system\Database\BaseConnection.php(605): CodeIgniter\Database\BaseConnection->simpleQuery('SELECT *\r\n     ...')
#3 C:\Users\Lyhllo\Desktop\GLOSSARIO\Glossario\CodeIgniter Code\app\Models\Dados_AdminModel.php(18): CodeIgniter\Database\BaseConnection->query('SELECT *\r\n     ...')
#4 C:\Users\Lyhllo\Desktop\GLOSSARIO\Glossario\CodeIgniter Code\app\Controllers\Session.php(26): App\Models\Dados_AdminModel->validaLogin(Array)
#5 C:\Users\Lyhllo\Desktop\GLOSSARIO\Glossario\CodeIgniter Code\system\CodeIgniter.php(934): App\Controllers\Session->login()
#6 C:\Users\Lyhllo\Desktop\GLOSSARIO\Glossario\CodeIgniter Code\system\CodeIgniter.php(499): CodeIgniter\CodeIgniter->runController(Object(App\Controllers\Session))
#7 C:\Users\Lyhllo\Desktop\GLOSSARIO\Glossario\CodeIgniter Code\system\CodeIgniter.php(368): CodeIgniter\CodeIgniter->handleRequest(NULL, Object(Config\Cache), false)
#8 C:\Users\Lyhllo\Desktop\GLOSSARIO\Glossario\CodeIgniter Code\public\index.php(67): CodeIgniter\CodeIgniter->run()
#9 C:\Users\Lyhllo\Desktop\GLOSSARIO\Glossario\CodeIgniter Code\system\Commands\Server\rewrite.php(47): require_once('C:\\Users\\Lyhllo...')
#10 {main}
CRITICAL - 2023-02-12 23:19:12 --> You have an error in your SQL syntax; check the manual that corresponds to your MySQL server version for the right syntax to use near '@f
                   AND senha = fdsres' at line 3
in SYSTEMPATH\Database\BaseConnection.php on line 645.
 1 APPPATH\Models\Dados_AdminModel.php(18): CodeIgniter\Database\BaseConnection->query('SELECT *
                  FROM admin_glossario
                 WHERE email = glossario@f
                   AND senha = fdsres')
 2 APPPATH\Controllers\Session.php(26): App\Models\Dados_AdminModel->validaLogin([...])
 3 SYSTEMPATH\CodeIgniter.php(934): App\Controllers\Session->login()
 4 SYSTEMPATH\CodeIgniter.php(499): CodeIgniter\CodeIgniter->runController(Object(App\Controllers\Session))
 5 SYSTEMPATH\CodeIgniter.php(368): CodeIgniter\CodeIgniter->handleRequest(null, Object(Config\Cache), false)
 6 FCPATH\index.php(67): CodeIgniter\CodeIgniter->run()
 7 SYSTEMPATH\Commands\Server\rewrite.php(47): require_once('FCPATH\\index.php')
CRITICAL - 2023-02-12 23:46:22 --> Undefined array key ""
in APPPATH\Controllers\Session.php on line 30.
 1 APPPATH\Controllers\Session.php(30): CodeIgniter\Debug\Exceptions->errorHandler(2, 'Undefined array key ""', 'APPPATH\\Controllers\\Session.php', 30)
 2 SYSTEMPATH\CodeIgniter.php(934): App\Controllers\Session->login()
 3 SYSTEMPATH\CodeIgniter.php(499): CodeIgniter\CodeIgniter->runController(Object(App\Controllers\Session))
 4 SYSTEMPATH\CodeIgniter.php(368): CodeIgniter\CodeIgniter->handleRequest(null, Object(Config\Cache), false)
 5 FCPATH\index.php(67): CodeIgniter\CodeIgniter->run()
 6 SYSTEMPATH\Commands\Server\rewrite.php(47): require_once('FCPATH\\index.php')
CRITICAL - 2023-02-12 23:46:27 --> Undefined array key ""
in APPPATH\Controllers\Session.php on line 30.
 1 APPPATH\Controllers\Session.php(30): CodeIgniter\Debug\Exceptions->errorHandler(2, 'Undefined array key ""', 'APPPATH\\Controllers\\Session.php', 30)
 2 SYSTEMPATH\CodeIgniter.php(934): App\Controllers\Session->login()
 3 SYSTEMPATH\CodeIgniter.php(499): CodeIgniter\CodeIgniter->runController(Object(App\Controllers\Session))
 4 SYSTEMPATH\CodeIgniter.php(368): CodeIgniter\CodeIgniter->handleRequest(null, Object(Config\Cache), false)
 5 FCPATH\index.php(67): CodeIgniter\CodeIgniter->run()
 6 SYSTEMPATH\Commands\Server\rewrite.php(47): require_once('FCPATH\\index.php')
CRITICAL - 2023-02-12 23:54:24 --> Undefined array key "data_acesso"
in APPPATH\Controllers\Session.php on line 33.
 1 APPPATH\Controllers\Session.php(33): CodeIgniter\Debug\Exceptions->errorHandler(2, 'Undefined array key "data_acesso"', 'APPPATH\\Controllers\\Session.php', 33)
 2 SYSTEMPATH\CodeIgniter.php(934): App\Controllers\Session->login()
 3 SYSTEMPATH\CodeIgniter.php(499): CodeIgniter\CodeIgniter->runController(Object(App\Controllers\Session))
 4 SYSTEMPATH\CodeIgniter.php(368): CodeIgniter\CodeIgniter->handleRequest(null, Object(Config\Cache), false)
 5 FCPATH\index.php(67): CodeIgniter\CodeIgniter->run()
 6 SYSTEMPATH\Commands\Server\rewrite.php(47): require_once('FCPATH\\index.php')
CRITICAL - 2023-02-12 23:55:08 --> Undefined array key "data_acesso"
in APPPATH\Controllers\Session.php on line 33.
 1 APPPATH\Controllers\Session.php(33): CodeIgniter\Debug\Exceptions->errorHandler(2, 'Undefined array key "data_acesso"', 'APPPATH\\Controllers\\Session.php', 33)
 2 SYSTEMPATH\CodeIgniter.php(934): App\Controllers\Session->login()
 3 SYSTEMPATH\CodeIgniter.php(499): CodeIgniter\CodeIgniter->runController(Object(App\Controllers\Session))
 4 SYSTEMPATH\CodeIgniter.php(368): CodeIgniter\CodeIgniter->handleRequest(null, Object(Config\Cache), false)
 5 FCPATH\index.php(67): CodeIgniter\CodeIgniter->run()
 6 SYSTEMPATH\Commands\Server\rewrite.php(47): require_once('FCPATH\\index.php')
CRITICAL - 2023-02-12 23:55:36 --> Undefined array key "data_acesso"
in APPPATH\Controllers\Session.php on line 33.
 1 APPPATH\Controllers\Session.php(33): CodeIgniter\Debug\Exceptions->errorHandler(2, 'Undefined array key "data_acesso"', 'APPPATH\\Controllers\\Session.php', 33)
 2 SYSTEMPATH\CodeIgniter.php(934): App\Controllers\Session->login()
 3 SYSTEMPATH\CodeIgniter.php(499): CodeIgniter\CodeIgniter->runController(Object(App\Controllers\Session))
 4 SYSTEMPATH\CodeIgniter.php(368): CodeIgniter\CodeIgniter->handleRequest(null, Object(Config\Cache), false)
 5 FCPATH\index.php(67): CodeIgniter\CodeIgniter->run()
 6 SYSTEMPATH\Commands\Server\rewrite.php(47): require_once('FCPATH\\index.php')
CRITICAL - 2023-02-12 23:59:54 --> Undefined array key "data_acesso"
in APPPATH\Controllers\Session.php on line 35.
 1 APPPATH\Controllers\Session.php(35): CodeIgniter\Debug\Exceptions->errorHandler(2, 'Undefined array key "data_acesso"', 'APPPATH\\Controllers\\Session.php', 35)
 2 SYSTEMPATH\CodeIgniter.php(934): App\Controllers\Session->login()
 3 SYSTEMPATH\CodeIgniter.php(499): CodeIgniter\CodeIgniter->runController(Object(App\Controllers\Session))
 4 SYSTEMPATH\CodeIgniter.php(368): CodeIgniter\CodeIgniter->handleRequest(null, Object(Config\Cache), false)
 5 FCPATH\index.php(67): CodeIgniter\CodeIgniter->run()
 6 SYSTEMPATH\Commands\Server\rewrite.php(47): require_once('FCPATH\\index.php')
